Lines processed: 25000
	Lines processed: 50000
Lines processed: 75000
	Lines processed: 100000
Lines processed: 125000
	Lines processed: 150000
Lines processed: 175000
	Lines processed: 200000
Lines processed: 225000
	Lines processed: 250000
Lines processed: 275000
	Lines processed: 300000
Lines processed: 325000
	Lines processed: 350000
Lines processed: 375000
	Lines processed: 400000
Lines processed: 425000
	Lines processed: 450000
Lines processed: 475000
	Lines processed: 500000
Lines processed: 525000
	Lines processed: 550000
Lines processed: 575000
	Lines processed: 600000
Lines processed: 625000
	Lines processed: 650000
Lines processed: 675000
	Lines processed: 700000
Lines processed: 725000
	Lines processed: 750000
Lines processed: 775000
	Lines processed: 800000
Lines processed: 825000
	Lines processed: 850000
Lines processed: 875000
	Lines processed: 900000
################################################################################ 
LogScraper report for /heroes/u1/kds124/Downloads/dovecot.log 
################################################################################
Disconnects and Logins:
-----------------------
Logged Out : 69501 time(s)
Inactivity : 13610 time(s)
Auth Failed : 16229 time(s)
IMAP: Connection Closed : 7951 time(s)
[Unmatched] : 64 time(s)
User Not Found : 48 time(s)
["director" Error] : 2896 time(s)
Disallowed Plaintext Auth : 802 time(s)
Too Many Invalid IMAP Commands : 277 time(s)
Disconnect (including IDLE) : 11136 time(s)
Failed Append : 2 time(s)
Internal Error Occurred : 8 time(s)
IMAP Login : 654660 time(s)
Disconected by Server : 18668 time(s)
POP Login : 121349 time(s)

Login Failures with Mixed Case:
-------------------------------
('Jth114', '192.168.160.81') : 2 time(s)
('Salowe', '192.168.160.81') : 2 time(s)
('WDOLPHIN', '192.168.160.80') : 2 time(s)
('Kuhnert', '192.168.160.80') : 2 time(s)
('Bren', '192.168.160.81') : 2 time(s)
('MMENDELS', '192.168.160.80') : 2 time(s)
('Kirntj', '192.168.160.80') : 4 time(s)
('Ilrosen', '192.168.160.80') : 2 time(s)
('Alanr', '192.168.160.81') : 2 time(s)
('Ryh', '192.168.160.81') : 4 time(s)


Unmatched lines
----------------
Jun 23 21:48:33 gehenna13 dovecot: imap(abmiles3): Error: Maildir filename has wrong S value, renamed the file from /rci/u1/abmiles3/Maildir/.Personal.Family Stuff.Mom/cur/1195245594.M710877P10645V0000000000000016I017BD324_21.gehenna19.rutgers.edu,S=987506:2,S to /rci/u1/abmiles3/Maildir/.Personal.Family Stuff.Mom/cur/1195245594.M710877P10645V0000000000000016I017BD324_21.gehenna19.rutgers.edu,S=0:2,S
[ 2 times ]
Jun 23 22:18:28 gehenna13 dovecot: imap(abmiles3): Error: Maildir filename has wrong S value, renamed the file from /rci/u1/abmiles3/Maildir/.Personal.Family Stuff.Mom/cur/1195245594.M725382P10645V0000000000000016I017BD325_22.gehenna19.rutgers.edu,S=29141:2,S to /rci/u1/abmiles3/Maildir/.Personal.Family Stuff.Mom/cur/1195245594.M725382P10645V0000000000000016I017BD325_22.gehenna19.rutgers.edu,S=0:2,S
[ 2 times ]
Jun 23 19:53:47 gehenna13 dovecot: imap(abmiles3): Error: read(/rci/u1/abmiles3/Maildir/.Personal.Family Stuff.Mom/cur/1195245594.M709523P10645V0000000000000016I017BD323_20.gehenna19.rutgers.edu,S=6597:2,S) failed: Input/output error (uid=44577)
[ 2 times ]
Jun 23 18:53:52 gehenna13 dovecot: imap(abmiles3): Error: Maildir filename has wrong S value, renamed the file from /rci/u1/abmiles3/Maildir/.Personal.Family Stuff.Mom/cur/1195245594.M698232P10645V0000000000000016I017BD31C_18.gehenna19.rutgers.edu,S=5637:2,S to /rci/u1/abmiles3/Maildir/.Personal.Family Stuff.Mom/cur/1195245594.M698232P10645V0000000000000016I017BD31C_18.gehenna19.rutgers.edu,S=0:2,S
[ 2 times ]
Jun 23 14:14:35 gehenna13 dovecot: imap(abmiles3): Error: read(/rci/u1/abmiles3/Maildir/.Personal.Family Stuff.Mom/cur/1195245594.M641648P10645V0000000000000016I017A600D_16.gehenna19.rutgers.edu,S=7840:2,S) failed: Input/output error (uid=44573)
[ 2 times ]
Jun 23 22:48:39 gehenna13 dovecot: imap(abmiles3): Error: read(/rci/u1/abmiles3/Maildir/.Personal.Family Stuff.Mom/cur/1195245594.M727457P10645V0000000000000016I017BD326_23.gehenna19.rutgers.edu,S=3071:2,S) failed: Input/output error (uid=44580)
[ 2 times ]
Jun 23 19:23:40 gehenna13 dovecot: imap(abmiles3): Error: Cached message size larger than expected (31240 > 0)
[ 2 times ]
Jun 23 14:14:35 gehenna13 dovecot: imap(abmiles3): Error: Cached message size larger than expected (7840 > 0)
[ 2 times ]
Jun 23 22:48:39 gehenna13 dovecot: imap(abmiles3): Error: Maildir filename has wrong S value, renamed the file from /rci/u1/abmiles3/Maildir/.Personal.Family Stuff.Mom/cur/1195245594.M727457P10645V0000000000000016I017BD326_23.gehenna19.rutgers.edu,S=3071:2,S to /rci/u1/abmiles3/Maildir/.Personal.Family Stuff.Mom/cur/1195245594.M727457P10645V0000000000000016I017BD326_23.gehenna19.rutgers.edu,S=0:2,S
[ 2 times ]
Jun 23 19:53:47 gehenna13 dovecot: imap(abmiles3): Error: Maildir filename has wrong S value, renamed the file from /rci/u1/abmiles3/Maildir/.Personal.Family Stuff.Mom/cur/1195245594.M709523P10645V0000000000000016I017BD323_20.gehenna19.rutgers.edu,S=6597:2,S to /rci/u1/abmiles3/Maildir/.Personal.Family Stuff.Mom/cur/1195245594.M709523P10645V0000000000000016I017BD323_20.gehenna19.rutgers.edu,S=0:2,S
[ 2 times ]
Jun 23 19:23:40 gehenna13 dovecot: imap(abmiles3): Error: Corrupted index cache file /rci/nqu/rci/u1/abmiles3/dovecot/.Personal.Family Stuff.Mom/dovecot.index.cache: Broken physical size for mail UID 44576
[ 2 times ]
Jun 23 21:48:33 gehenna13 dovecot: imap(abmiles3): Error: read(/rci/u1/abmiles3/Maildir/.Personal.Family Stuff.Mom/cur/1195245594.M710877P10645V0000000000000016I017BD324_21.gehenna19.rutgers.edu,S=987506:2,S) failed: Input/output error (uid=44578)
[ 2 times ]
Jun 23 22:18:28 gehenna13 dovecot: imap(abmiles3): Error: Corrupted index cache file /rci/nqu/rci/u1/abmiles3/dovecot/.Personal.Family Stuff.Mom/dovecot.index.cache: Broken physical size for mail UID 44579
[ 2 times ]
Jun 23 22:18:28 gehenna13 dovecot: imap(abmiles3): Error: read(/rci/u1/abmiles3/Maildir/.Personal.Family Stuff.Mom/cur/1195245594.M725382P10645V0000000000000016I017BD325_22.gehenna19.rutgers.edu,S=29141:2,S) failed: Input/output error (uid=44579)
[ 2 times ]
Jun 23 22:18:28 gehenna13 dovecot: imap(abmiles3): Error: Cached message size larger than expected (29141 > 0)
[ 2 times ]
Jun 23 14:34:52 gehenna13 dovecot: imap(abmiles3): Error: read(/rci/u1/abmiles3/Maildir/.Personal.Family Stuff.Mom/cur/1195245594.M643038P10645V0000000000000016I017A600E_17.gehenna19.rutgers.edu,S=4006272:2,S) failed: Input/output error (uid=44574)
[ 2 times ]
Jun 23 14:34:52 gehenna13 dovecot: imap(abmiles3): Error: Corrupted index cache file /rci/nqu/rci/u1/abmiles3/dovecot/.Personal.Family Stuff.Mom/dovecot.index.cache: Broken physical size for mail UID 44574
[ 2 times ]
Jun 23 18:53:52 gehenna13 dovecot: imap(abmiles3): Error: Cached message size larger than expected (5637 > 0)
[ 2 times ]
Jun 23 14:14:35 gehenna13 dovecot: imap(abmiles3): Error: Maildir filename has wrong S value, renamed the file from /rci/u1/abmiles3/Maildir/.Personal.Family Stuff.Mom/cur/1195245594.M641648P10645V0000000000000016I017A600D_16.gehenna19.rutgers.edu,S=7840:2,S to /rci/u1/abmiles3/Maildir/.Personal.Family Stuff.Mom/cur/1195245594.M641648P10645V0000000000000016I017A600D_16.gehenna19.rutgers.edu,S=0:2,S
[ 2 times ]
Jun 23 18:53:52 gehenna13 dovecot: imap(abmiles3): Error: Corrupted index cache file /rci/nqu/rci/u1/abmiles3/dovecot/.Personal.Family Stuff.Mom/dovecot.index.cache: Broken physical size for mail UID 44575
[ 2 times ]
Jun 23 19:23:40 gehenna13 dovecot: imap(abmiles3): Error: Maildir filename has wrong S value, renamed the file from /rci/u1/abmiles3/Maildir/.Personal.Family Stuff.Mom/cur/1195245594.M707887P10645V0000000000000016I017BD322_19.gehenna19.rutgers.edu,S=31240:2,S to /rci/u1/abmiles3/Maildir/.Personal.Family Stuff.Mom/cur/1195245594.M707887P10645V0000000000000016I017BD322_19.gehenna19.rutgers.edu,S=0:2,S
[ 2 times ]
Jun 23 14:14:35 gehenna13 dovecot: imap(abmiles3): Error: Corrupted index cache file /rci/nqu/rci/u1/abmiles3/dovecot/.Personal.Family Stuff.Mom/dovecot.index.cache: Broken physical size for mail UID 44573
[ 2 times ]
Jun 23 19:53:47 gehenna13 dovecot: imap(abmiles3): Error: Corrupted index cache file /rci/nqu/rci/u1/abmiles3/dovecot/.Personal.Family Stuff.Mom/dovecot.index.cache: Broken physical size for mail UID 44577
[ 2 times ]
Jun 23 14:34:52 gehenna13 dovecot: imap(abmiles3): Error: Maildir filename has wrong S value, renamed the file from /rci/u1/abmiles3/Maildir/.Personal.Family Stuff.Mom/cur/1195245594.M643038P10645V0000000000000016I017A600E_17.gehenna19.rutgers.edu,S=4006272:2,S to /rci/u1/abmiles3/Maildir/.Personal.Family Stuff.Mom/cur/1195245594.M643038P10645V0000000000000016I017A600E_17.gehenna19.rutgers.edu,S=0:2,S
[ 2 times ]
Jun 23 14:34:52 gehenna13 dovecot: imap(abmiles3): Error: Cached message size larger than expected (4006272 > 0)
[ 2 times ]
Jun 23 21:48:33 gehenna13 dovecot: imap(abmiles3): Error: Corrupted index cache file /rci/nqu/rci/u1/abmiles3/dovecot/.Personal.Family Stuff.Mom/dovecot.index.cache: Broken physical size for mail UID 44578
[ 2 times ]
Jun 23 21:48:33 gehenna13 dovecot: imap(abmiles3): Error: Cached message size larger than expected (987506 > 0)
[ 2 times ]
Jun 23 19:23:40 gehenna13 dovecot: imap(abmiles3): Error: read(/rci/u1/abmiles3/Maildir/.Personal.Family Stuff.Mom/cur/1195245594.M707887P10645V0000000000000016I017BD322_19.gehenna19.rutgers.edu,S=31240:2,S) failed: Input/output error (uid=44576)
[ 2 times ]
Jun 23 22:48:39 gehenna13 dovecot: imap(abmiles3): Error: Cached message size larger than expected (3071 > 0)
[ 2 times ]
Jun 23 22:48:39 gehenna13 dovecot: imap(abmiles3): Error: Corrupted index cache file /rci/nqu/rci/u1/abmiles3/dovecot/.Personal.Family Stuff.Mom/dovecot.index.cache: Broken physical size for mail UID 44580
[ 2 times ]
Jun 23 18:53:52 gehenna13 dovecot: imap(abmiles3): Error: read(/rci/u1/abmiles3/Maildir/.Personal.Family Stuff.Mom/cur/1195245594.M698232P10645V0000000000000016I017BD31C_18.gehenna19.rutgers.edu,S=5637:2,S) failed: Input/output error (uid=44575)
[ 2 times ]
Jun 23 19:53:47 gehenna13 dovecot: imap(abmiles3): Error: Cached message size larger than expected (6597 > 0)
[ 2 times ]
################################################################################ 
End of Report
################################################################################
